2025-06-19 15:57:28,771 - Successfully read the YAML file
2025-06-19 15:57:28,773 - Data ingestion is started with my_bucket798 and file is Hotel_Reservations.csv
2025-06-19 15:57:28,773 - Starting data ingestion process
2025-06-19 15:57:28,787 - Error while downloading the csv file
2025-06-19 15:57:28,788 - CustomException : Error in C:\Mlops Project\Hotel Reservation Prediction\src\data_ingestion.py, line 30 : Failed to download csv file
2025-06-19 15:57:28,788 - Data ingestion completed
2025-06-19 16:02:12,475 - Successfully read the YAML file
2025-06-19 16:02:12,475 - Data ingestion is started with my_bucket798 and file is Hotel_Reservations.csv
2025-06-19 16:02:12,486 - Starting data ingestion process
2025-06-19 16:02:12,498 - Error while downloading the csv file
2025-06-19 16:02:12,498 - CustomException : Error in C:\Mlops Project\Hotel Reservation Prediction\src\data_ingestion.py, line 30 : Failed to download csv file
2025-06-19 16:02:12,498 - Data ingestion completed
2025-06-19 16:03:55,155 - Successfully read the YAML file
2025-06-19 16:03:55,156 - Data ingestion is started with my_bucket798 and file is Hotel_Reservations.csv
2025-06-19 16:03:55,156 - Starting data ingestion process
2025-06-19 16:03:57,299 - CSV file is sucessfully downloaded ot {RAW_FILE_PATH}
2025-06-19 16:03:57,299 - Starting the splitting process
2025-06-19 16:03:57,576 - Train data saved to artifacts/raw\train.csv
2025-06-19 16:03:57,576 - Test data saved to artifacts/raw\test.csv
2025-06-19 16:03:57,589 - Data ingestion completed succesfully
2025-06-19 16:03:57,589 - Data ingestion completed
